Id,Site,Specie,Citation,Cultivar,Treatment,Date,Dateloc,Time,Timeloc,Mean,N,Statname,Stat,Notes,Created at,Updated at,Variable,User,Checked,Access level
37499,602,30,381,,1220,2010-06-01,6.5,,,85.0754466166667,3,sd,20.571430375859,,2011-06-12 18:15:17 UTC,2011-06-12 18:15:17 UTC,4,6,false,1
37500,602,31,381,,1220,2010-06-01,6.5,,,99.8928019,4,sd,15.6944994850915,,2011-06-12 18:15:17 UTC,2011-06-12 18:15:17 UTC,4,6,false,1
37501,602,189,381,,1220,2010-06-01,6.5,,,78.7475960425,3,sd,8.63538507775353,,2011-06-12 18:15:17 UTC,2011-06-12 18:15:17 UTC,4,6,false,1
37502,602,287,381,,1220,2010-06-01,6.5,,,71.651919396,4,sd,11.8071288111561,,2011-06-12 18:15:17 UTC,2011-06-12 18:15:17 UTC,4,6,false,1
37503,602,297,381,,1220,2010-06-01,6.5,,,76.953671455,5,sd,9.67181767340789,,2011-06-12 18:15:17 UTC,2011-06-12 18:15:17 UTC,4,6,false,1
37504,602,311,381,,1220,2010-06-01,6.5,,,88.2101031175,4,sd,14.6896868639684,,2011-06-12 18:15:17 UTC,2011-06-12 18:15:17 UTC,4,6,false,1
37505,602,390,381,,1220,2010-06-01,6.5,,,73.825215475,4,sd,22.7237354129924,,2011-06-12 18:15:17 UTC,2011-06-12 18:15:17 UTC,4,6,false,1
37506,602,393,381,,1220,2010-06-01,6.5,,,80.96739181,4,sd,32.5147116192718,,2011-06-12 18:15:17 UTC,2011-06-12 18:15:17 UTC,4,6,false,1
37507,602,396,381,,1220,2010-06-01,6.5,,,84.28272003,4,sd,9.67165733916625,,2011-06-12 18:15:17 UTC,2011-06-12 18:15:17 UTC,4,6,false,1
37508,602,787,381,,1220,2010-06-01,6.5,,,75.71513677,5,sd,8.78396584584831,,2011-06-12 18:15:17 UTC,2011-06-12 18:15:17 UTC,4,6,false,1
37509,602,788,381,,1220,2010-06-01,6.5,,,79.897425285,5,sd,10.7795107704734,,2011-06-12 18:15:17 UTC,2011-06-12 18:15:17 UTC,4,6,false,1
37510,602,814,381,,1220,2010-06-01,6.5,,,94.32394279,5,sd,28.533028264194,,2011-06-12 18:15:17 UTC,2011-06-12 18:15:17 UTC,4,6,false,1
37511,602,1037,381,,1220,2010-06-01,6.5,,,86.890140245,5,sd,22.2593327566875,,2011-06-12 18:15:17 UTC,2011-06-12 18:15:17 UTC,4,6,false,1
37512,602,1072,381,,1220,2010-06-01,6.5,,,78.4087703525,5,sd,14.0982134669801,,2011-06-12 18:15:17 UTC,2011-06-12 18:15:17 UTC,4,6,false,1
37513,602,1215,381,,1220,2010-06-01,6.5,,,95.032532212,3,sd,9.99223592168133,,2011-06-12 18:15:17 UTC,2011-06-12 18:15:17 UTC,4,6,false,1
37514,602,9303,381,,1220,2010-06-01,6.5,,,75.69350772,4,sd,8.9995735702131,,2011-06-12 18:15:17 UTC,2011-06-12 18:15:17 UTC,4,6,false,1
37515,602,19104,381,,1220,2010-06-01,6.5,,,81.950977192,4,sd,27.7635489700426,,2011-06-12 18:15:17 UTC,2011-06-12 18:15:17 UTC,4,6,false,1
37516,602,21460,381,,1220,2010-06-01,6.5,,,101.71662601,4,sd,5.31496381483583,,2011-06-12 18:15:17 UTC,2011-06-12 18:15:17 UTC,4,6,false,1
37517,602,31914,381,,1220,2010-06-01,6.5,,,82.31549001,5,sd,11.2394840835866,,2011-06-12 18:15:17 UTC,2011-06-12 18:15:17 UTC,4,6,false,1
37518,602,46334,381,,1220,2010-06-01,6.5,,,68.6308864775,5,sd,22.3491389464621,,2011-06-12 18:15:17 UTC,2011-06-12 18:15:17 UTC,4,6,false,1
37519,602,51120,381,,1220,2010-06-01,6.5,,,79.281230994,5,sd,14.4614270228159,,2011-06-12 18:15:17 UTC,2011-06-12 18:15:17 UTC,4,6,false,1
37520,602,30,381,,1220,2010-06-01,6.5,,,135.21260852,3,sd,31.3783574816612,,2011-06-12 18:15:17 UTC,2011-06-12 18:15:17 UTC,5,6,false,1
37521,602,31,381,,1220,2010-06-01,6.5,,,165.53765005,4,sd,36.4138059946294,,2011-06-12 18:15:17 UTC,2011-06-12 18:15:17 UTC,5,6,false,1
37522,602,189,381,,1220,2010-06-01,6.5,,,130.362612725,3,sd,17.0381615020588,,2011-06-12 18:15:17 UTC,2011-06-12 18:15:17 UTC,5,6,false,1
37523,602,287,381,,1220,2010-06-01,6.5,,,124.395200374,4,sd,25.2075636527147,,2011-06-12 18:15:17 UTC,2011-06-12 18:15:17 UTC,5,6,false,1
37524,602,297,381,,1220,2010-06-01,6.5,,,127.799265375,5,sd,12.5858915289845,,2011-06-12 18:15:17 UTC,2011-06-12 18:15:17 UTC,5,6,false,1
37525,602,311,381,,1220,2010-06-01,6.5,,,142.54778015,4,sd,16.9441526076088,,2011-06-12 18:15:17 UTC,2011-06-12 18:15:17 UTC,5,6,false,1
37526,602,390,381,,1220,2010-06-01,6.5,,,124.8640016525,4,sd,46.095892092376,,2011-06-12 18:15:17 UTC,2011-06-12 18:15:17 UTC,5,6,false,1
37527,602,393,381,,1220,2010-06-01,6.5,,,130.616167765,4,sd,42.0335103646611,,2011-06-12 18:15:17 UTC,2011-06-12 18:15:17 UTC,5,6,false,1
37528,602,396,381,,1220,2010-06-01,6.5,,,142.1868514,4,sd,17.7207327908145,,2011-06-12 18:15:17 UTC,2011-06-12 18:15:17 UTC,5,6,false,1
37529,602,787,381,,1220,2010-06-01,6.5,,,120.926022952,5,sd,19.6241613626698,,2011-06-12 18:15:17 UTC,2011-06-12 18:15:17 UTC,5,6,false,1
37530,602,788,381,,1220,2010-06-01,6.5,,,126.6387095375,5,sd,33.9788115826343,,2011-06-12 18:15:17 UTC,2011-06-12 18:15:17 UTC,5,6,false,1
37531,602,814,381,,1220,2010-06-01,6.5,,,158.226729366667,5,sd,25.126122888756,,2011-06-12 18:15:17 UTC,2011-06-12 18:15:17 UTC,5,6,false,1
37532,602,1037,381,,1220,2010-06-01,6.5,,,136.0404536,5,sd,24.458452172957,,2011-06-12 18:15:17 UTC,2011-06-12 18:15:17 UTC,5,6,false,1
37533,602,1072,381,,1220,2010-06-01,6.5,,,130.27424395,5,sd,23.6800975053944,,2011-06-12 18:15:17 UTC,2011-06-12 18:15:17 UTC,5,6,false,1
37534,602,1215,381,,1220,2010-06-01,6.5,,,159.57953638,3,sd,20.4107962779013,,2011-06-12 18:15:17 UTC,2011-06-12 18:15:17 UTC,5,6,false,1
37535,602,9303,381,,1220,2010-06-01,6.5,,,124.96558241,4,sd,22.1840603337866,,2011-06-12 18:15:17 UTC,2011-06-12 18:15:17 UTC,5,6,false,1
37536,602,19104,381,,1220,2010-06-01,6.5,,,123.676297154,4,sd,34.084561551205,,2011-06-12 18:15:17 UTC,2011-06-12 18:15:17 UTC,5,6,false,1
37537,602,21460,381,,1220,2010-06-01,6.5,,,160.8394658,4,sd,7.01075374781724,,2011-06-12 18:15:17 UTC,2011-06-12 18:15:17 UTC,5,6,false,1
37538,602,31914,381,,1220,2010-06-01,6.5,,,141.73945476,5,sd,29.533767106044,,2011-06-12 18:15:18 UTC,2011-06-12 18:15:18 UTC,5,6,false,1
37539,602,46334,381,,1220,2010-06-01,6.5,,,122.744730795,5,sd,26.1274302392301,,2011-06-12 18:15:18 UTC,2011-06-12 18:15:18 UTC,5,6,false,1
37540,602,51120,381,,1220,2010-06-01,6.5,,,142.84325928,5,sd,26.4698874079622,,2011-06-12 18:15:18 UTC,2011-06-12 18:15:18 UTC,5,6,false,1
37541,602,30,381,,1220,2010-06-01,6.5,,,3.531903556,3,sd,0.5530649437211,,2011-06-12 18:15:18 UTC,2011-06-12 18:15:18 UTC,7,6,false,1
37542,602,31,381,,1220,2010-06-01,6.5,,,3.2786860405,4,sd,0.54442682579284,,2011-06-12 18:15:18 UTC,2011-06-12 18:15:18 UTC,7,6,false,1
37543,602,189,381,,1220,2010-06-01,6.5,,,3.25890354225,3,sd,0.45547914557182,,2011-06-12 18:15:18 UTC,2011-06-12 18:15:18 UTC,7,6,false,1
37544,602,287,381,,1220,2010-06-01,6.5,,,3.7453295916,4,sd,0.67789022744181,,2011-06-12 18:15:18 UTC,2011-06-12 18:15:18 UTC,7,6,false,1
37545,602,297,381,,1220,2010-06-01,6.5,,,3.2441762855,5,sd,0.7608668978327,,2011-06-12 18:15:18 UTC,2011-06-12 18:15:18 UTC,7,6,false,1
37546,602,311,381,,1220,2010-06-01,6.5,,,3.6806746945,4,sd,0.61442310163125,,2011-06-12 18:15:18 UTC,2011-06-12 18:15:18 UTC,7,6,false,1
37547,602,390,381,,1220,2010-06-01,6.5,,,3.46425483975,4,sd,0.65252840273637,,2011-06-12 18:15:18 UTC,2011-06-12 18:15:18 UTC,7,6,false,1
37548,602,393,381,,1220,2010-06-01,6.5,,,3.444622936,4,sd,1.0556801955508,,2011-06-12 18:15:18 UTC,2011-06-12 18:15:18 UTC,7,6,false,1
37549,602,396,381,,1220,2010-06-01,6.5,,,3.2212788032,4,sd,0.59939991173832,,2011-06-12 18:15:18 UTC,2011-06-12 18:15:18 UTC,7,6,false,1
37550,602,787,381,,1220,2010-06-01,6.5,,,3.5581374096,5,sd,0.4323929025324,,2011-06-12 18:15:18 UTC,2011-06-12 18:15:18 UTC,7,6,false,1
37551,602,788,381,,1220,2010-06-01,6.5,,,3.4684958425,5,sd,0.76294921544723,,2011-06-12 18:15:18 UTC,2011-06-12 18:15:18 UTC,7,6,false,1
37552,602,814,381,,1220,2010-06-01,6.5,,,3.86757013933333,5,sd,0.42115032363646,,2011-06-12 18:15:18 UTC,2011-06-12 18:15:18 UTC,7,6,false,1
37553,602,1037,381,,1220,2010-06-01,6.5,,,3.827951045,5,sd,0.52231412393751,,2011-06-12 18:15:18 UTC,2011-06-12 18:15:18 UTC,7,6,false,1
37554,602,1072,381,,1220,2010-06-01,6.5,,,3.83635245875,5,sd,1.17378844561711,,2011-06-12 18:15:18 UTC,2011-06-12 18:15:18 UTC,7,6,false,1
37555,602,1215,381,,1220,2010-06-01,6.5,,,3.6617461466,3,sd,0.80707878881745,,2011-06-12 18:15:18 UTC,2011-06-12 18:15:18 UTC,7,6,false,1
37556,602,9303,381,,1220,2010-06-01,6.5,,,3.4022612665,4,sd,0.88288454848423,,2011-06-12 18:15:18 UTC,2011-06-12 18:15:18 UTC,7,6,false,1
37557,602,19104,381,,1220,2010-06-01,6.5,,,3.9018637504,4,sd,0.83340852016878,,2011-06-12 18:15:18 UTC,2011-06-12 18:15:18 UTC,7,6,false,1
37558,602,21460,381,,1220,2010-06-01,6.5,,,4.26070687766667,4,sd,0.61055091333037,,2011-06-12 18:15:18 UTC,2011-06-12 18:15:18 UTC,7,6,false,1
37559,602,31914,381,,1220,2010-06-01,6.5,,,3.8508441718,5,sd,0.71554305047358,,2011-06-12 18:15:18 UTC,2011-06-12 18:15:18 UTC,7,6,false,1
37560,602,46334,381,,1220,2010-06-01,6.5,,,3.05396996025,5,sd,0.19566751710865,,2011-06-12 18:15:18 UTC,2011-06-12 18:15:18 UTC,7,6,false,1
37561,602,51120,381,,1220,2010-06-01,6.5,,,3.590254306,5,sd,1.05855462647487,,2011-06-12 18:15:18 UTC,2011-06-12 18:15:18 UTC,7,6,false,1
37562,602,30,381,,1220,2010-06-01,6.0,,,11.95554645,8,sd,0.056216962,,2011-06-12 18:15:18 UTC,2011-06-12 18:15:18 UTC,15,6,false,1
37563,602,31,381,,1220,2010-06-01,6.0,,,11.71697931,9,sd,0.793720659,,2011-06-12 18:15:18 UTC,2011-06-12 18:15:18 UTC,15,6,false,1
37564,602,21460,381,,1220,2010-06-01,6.0,,,16.30726367,8,sd,0.531866424,,2011-06-12 18:15:18 UTC,2011-06-12 18:15:18 UTC,15,6,false,1
37565,602,189,381,,1220,2010-06-01,6.0,,,11.83049833,4,sd,3.508341132,,2011-06-12 18:15:18 UTC,2011-06-12 18:15:18 UTC,15,6,false,1
37566,602,287,381,,1220,2010-06-01,6.0,,,19.15445438,11,sd,5.034476489,,2011-06-12 18:15:18 UTC,2011-06-12 18:15:18 UTC,15,6,false,1
37567,602,297,381,,1220,2010-06-01,6.0,,,13.57728425,10,sd,1.849930364,,2011-06-12 18:15:18 UTC,2011-06-12 18:15:18 UTC,15,6,false,1
37568,602,311,381,,1220,2010-06-01,6.0,,,11.50920706,11,sd,1.595551118,,2011-06-12 18:15:18 UTC,2011-06-12 18:15:18 UTC,15,6,false,1
37569,602,390,381,,1220,2010-06-01,6.0,,,17.47891399,9,sd,2.139188607,,2011-06-12 18:15:18 UTC,2011-06-12 18:15:18 UTC,15,6,false,1
37570,602,393,381,,1220,2010-06-01,6.0,,,16.26598411,10,sd,3.010787248,,2011-06-12 18:15:18 UTC,2011-06-12 18:15:18 UTC,15,6,false,1
37571,602,396,381,,1220,2010-06-01,6.0,,,17.36932969,11,sd,0.624651526,,2011-06-12 18:15:18 UTC,2011-06-12 18:15:18 UTC,15,6,false,1
37572,602,31914,381,,1220,2010-06-01,6.0,,,18.80409715,10,sd,1.375221022,,2011-06-12 18:15:18 UTC,2011-06-12 18:15:18 UTC,15,6,false,1
37573,602,787,381,,1220,2010-06-01,6.0,,,17.4844726,2,sd,2.157139559,,2011-06-12 18:15:18 UTC,2011-06-12 18:15:18 UTC,15,6,false,1
37574,602,788,381,,1220,2010-06-01,6.0,,,13.56714971,6,sd,2.063544508,,2011-06-12 18:15:18 UTC,2011-06-12 18:15:18 UTC,15,6,false,1
37575,602,814,381,,1220,2010-06-01,6.0,,,16.5236688,10,sd,5.338342728,,2011-06-12 18:15:18 UTC,2011-06-12 18:15:18 UTC,15,6,false,1
37576,602,1037,381,,1220,2010-06-01,6.0,,,19.91267043,10,sd,2.154634675,,2011-06-12 18:15:18 UTC,2011-06-12 18:15:18 UTC,15,6,false,1
37577,602,1072,381,,1220,2010-06-01,6.0,,,15.4308803,9,sd,1.074121781,,2011-06-12 18:15:18 UTC,2011-06-12 18:15:18 UTC,15,6,false,1
37578,602,46334,381,,1220,2010-06-01,6.0,,,13.72238812,10,sd,1.60560685,,2011-06-12 18:15:18 UTC,2011-06-12 18:15:18 UTC,15,6,false,1
37579,602,9303,381,,1220,2010-06-01,6.0,,,18.04565419,5,sd,1.027621187,,2011-06-12 18:15:18 UTC,2011-06-12 18:15:18 UTC,15,6,false,1
37580,602,19104,381,,1220,2010-06-01,6.0,,,14.19157777,10,sd,2.912341382,,2011-06-12 18:15:18 UTC,2011-06-12 18:15:18 UTC,15,6,false,1
37581,602,1215,381,,1220,2010-06-01,6.0,,,16.68393372,9,sd,2.245459181,,2011-06-12 18:15:18 UTC,2011-06-12 18:15:18 UTC,15,6,false,1
37582,602,51120,381,,1220,2010-06-01,6.0,,,10.42829215,10,sd,1.518823844,,2011-06-12 18:15:18 UTC,2011-06-12 18:15:18 UTC,15,6,false,1
37583,602,30,381,,1220,2010-08-01,6.0,,,15.33357309,12,sd,3.815837015,,2011-06-12 18:15:18 UTC,2011-06-12 18:15:18 UTC,15,6,false,1
37584,602,31,381,,1220,2010-08-01,6.0,,,14.2057137,14,sd,2.970333531,,2011-06-12 18:15:18 UTC,2011-06-12 18:15:18 UTC,15,6,false,1
37585,602,21460,381,,1220,2010-08-01,6.0,,,14.78293768,15,sd,3.506226198,,2011-06-12 18:15:18 UTC,2011-06-12 18:15:18 UTC,15,6,false,1
37586,602,189,381,,1220,2010-08-01,6.0,,,14.3537236,1,sd,,,2011-06-12 18:15:18 UTC,2011-06-12 18:15:18 UTC,15,6,false,1
37587,602,287,381,,1220,2010-08-01,6.0,,,16.73555658,12,sd,4.489650862,,2011-06-12 18:15:18 UTC,2011-06-12 18:15:18 UTC,15,6,false,1
37588,602,297,381,,1220,2010-08-01,6.0,,,16.87076824,14,sd,3.741389256,,2011-06-12 18:15:18 UTC,2011-06-12 18:15:18 UTC,15,6,false,1
37589,602,311,381,,1220,2010-08-01,6.0,,,15.54707864,13,sd,4.523272658,,2011-06-12 18:15:18 UTC,2011-06-12 18:15:18 UTC,15,6,false,1
37590,602,390,381,,1220,2010-08-01,6.0,,,15.18830485,11,sd,5.176686469,,2011-06-12 18:15:18 UTC,2011-06-12 18:15:18 UTC,15,6,false,1
37591,602,393,381,,1220,2010-08-01,6.0,,,15.43249821,14,sd,3.224964993,,2011-06-12 18:15:18 UTC,2011-06-12 18:15:18 UTC,15,6,false,1
37592,602,396,381,,1220,2010-08-01,6.0,,,13.40771255,14,sd,3.644419043,,2011-06-12 18:15:18 UTC,2011-06-12 18:15:18 UTC,15,6,false,1
37593,602,31914,381,,1220,2010-08-01,6.0,,,12.91519424,5,sd,2.46129749,,2011-06-12 18:15:18 UTC,2011-06-12 18:15:18 UTC,15,6,false,1
37594,602,787,381,,1220,2010-08-01,6.0,,,15.29363282,12,sd,4.184985875,,2011-06-12 18:15:18 UTC,2011-06-12 18:15:18 UTC,15,6,false,1
37595,602,788,381,,1220,2010-08-01,6.0,,,14.38543878,9,sd,3.76767123,,2011-06-12 18:15:18 UTC,2011-06-12 18:15:18 UTC,15,6,false,1
37596,602,814,381,,1220,2010-08-01,6.0,,,12.89372476,13,sd,2.643391605,,2011-06-12 18:15:18 UTC,2011-06-12 18:15:18 UTC,15,6,false,1
37597,602,1037,381,,1220,2010-08-01,6.0,,,13.46505683,11,sd,4.596032515,,2011-06-12 18:15:18 UTC,2011-06-12 18:15:18 UTC,15,6,false,1
37598,602,1072,381,,1220,2010-08-01,6.0,,,15.41438547,12,sd,3.435187959,,2011-06-12 18:15:18 UTC,2011-06-12 18:15:18 UTC,15,6,false,1
37599,602,46334,381,,1220,2010-08-01,6.0,,,14.6070399,14,sd,2.480041769,,2011-06-12 18:15:18 UTC,2011-06-12 18:15:18 UTC,15,6,false,1
37600,602,9303,381,,1220,2010-08-01,6.0,,,16.49800693,10,sd,2.442020729,,2011-06-12 18:15:18 UTC,2011-06-12 18:15:18 UTC,15,6,false,1
37601,602,19104,381,,1220,2010-08-01,6.0,,,14.77988043,13,sd,4.170184887,,2011-06-12 18:15:18 UTC,2011-06-12 18:15:18 UTC,15,6,false,1
37602,602,1215,381,,1220,2010-08-01,6.0,,,15.31795208,12,sd,4.628779488,,2011-06-12 18:15:18 UTC,2011-06-12 18:15:18 UTC,15,6,false,1
37603,602,51120,381,,1220,2010-08-01,6.0,,,12.99819494,2,sd,5.148784124,,2011-06-12 18:15:18 UTC,2011-06-12 18:15:18 UTC,15,6,false,1
37604,602,30,381,,1220,2010-09-01,6.0,,,12.19163239,8,sd,1.867824445,,2011-06-12 18:15:18 UTC,2011-06-12 18:15:18 UTC,15,6,false,1
37605,602,31,381,,1220,2010-09-01,6.0,,,12.91177031,8,sd,1.868017472,,2011-06-12 18:15:18 UTC,2011-06-12 18:15:18 UTC,15,6,false,1
37606,602,21460,381,,1220,2010-09-01,6.0,,,12.21745248,6,sd,2.012634924,,2011-06-12 18:15:18 UTC,2011-06-12 18:15:18 UTC,15,6,false,1
37607,602,189,381,,1220,2010-09-01,6.0,,,13.12719965,2,sd,2.631350726,,2011-06-12 18:15:18 UTC,2011-06-12 18:15:18 UTC,15,6,false,1
37608,602,287,381,,1220,2010-09-01,6.0,,,12.81563146,7,sd,1.632870736,,2011-06-12 18:15:18 UTC,2011-06-12 18:15:18 UTC,15,6,false,1
37609,602,297,381,,1220,2010-09-01,6.0,,,12.61849367,7,sd,1.773533057,,2011-06-12 18:15:18 UTC,2011-06-12 18:15:18 UTC,15,6,false,1
37610,602,311,381,,1220,2010-09-01,6.0,,,13.57196786,10,sd,3.732345168,,2011-06-12 18:15:18 UTC,2011-06-12 18:15:18 UTC,15,6,false,1
37611,602,390,381,,1220,2010-09-01,6.0,,,12.376688,7,sd,2.263097565,,2011-06-12 18:15:18 UTC,2011-06-12 18:15:18 UTC,15,6,false,1
37612,602,393,381,,1220,2010-09-01,6.0,,,15.17606371,8,sd,0.362088254,,2011-06-12 18:15:18 UTC,2011-06-12 18:15:18 UTC,15,6,false,1
37613,602,396,381,,1220,2010-09-01,6.0,,,12.1357401,6,sd,2.502441196,,2011-06-12 18:15:18 UTC,2011-06-12 18:15:18 UTC,15,6,false,1
37614,602,31914,381,,1220,2010-09-01,6.0,,,13.20889883,2,sd,1.414258923,,2011-06-12 18:15:18 UTC,2011-06-12 18:15:18 UTC,15,6,false,1
37615,602,787,381,,1220,2010-09-01,6.0,,,12.17759103,8,sd,2.581228289,,2011-06-12 18:15:18 UTC,2011-06-12 18:15:18 UTC,15,6,false,1
37616,602,788,381,,1220,2010-09-01,6.0,,,14.66675697,9,sd,1.302744923,,2011-06-12 18:15:18 UTC,2011-06-12 18:15:18 UTC,15,6,false,1
37617,602,814,381,,1220,2010-09-01,6.0,,,10.7540934,8,sd,1.923407218,,2011-06-12 18:15:18 UTC,2011-06-12 18:15:18 UTC,15,6,false,1
37618,602,1037,381,,1220,2010-09-01,6.0,,,13.23952419,8,sd,0.901731833,,2011-06-12 18:15:18 UTC,2011-06-12 18:15:18 UTC,15,6,false,1
37619,602,1072,381,,1220,2010-09-01,6.0,,,12.61564604,8,sd,2.440662017,,2011-06-12 18:15:18 UTC,2011-06-12 18:15:18 UTC,15,6,false,1
37620,602,46334,381,,1220,2010-09-01,6.0,,,12.66750959,9,sd,2.369869511,,2011-06-12 18:15:18 UTC,2011-06-12 18:15:18 UTC,15,6,false,1
37621,602,9303,381,,1220,2010-09-01,6.0,,,14.53746184,8,sd,3.289353279,,2011-06-12 18:15:18 UTC,2011-06-12 18:15:18 UTC,15,6,false,1
37622,602,19104,381,,1220,2010-09-01,6.0,,,10.5535328,9,sd,,,2011-06-12 18:15:18 UTC,2011-06-12 18:15:18 UTC,15,6,false,1
37623,602,1215,381,,1220,2010-09-01,6.0,,,12.19163239,7,sd,1.867824445,,2011-06-12 18:15:18 UTC,2011-06-12 18:15:18 UTC,15,6,false,1
37624,602,51120,381,,1220,2010-09-01,6.0,,,12.91177031,1,sd,1.868017472,,2011-06-12 18:15:18 UTC,2011-06-12 18:15:18 UTC,15,6,false,1
37625,602,30,381,,1220,2010-06-01,6.0,,,47.7449718,7,sd,0.63936721782381,,2011-06-12 18:15:18 UTC,2011-06-12 18:15:18 UTC,11,6,false,1
37626,602,31,381,,1220,2010-06-01,6.0,,,45.9701397325,8,sd,2.21710833881769,,2011-06-12 18:15:18 UTC,2011-06-12 18:15:18 UTC,11,6,false,1
37627,602,189,381,,1220,2010-06-01,6.0,,,49.0500966925,4,sd,1.77486914744011,,2011-06-12 18:15:18 UTC,2011-06-12 18:15:18 UTC,11,6,false,1
37628,602,287,381,,1220,2010-06-01,6.0,,,45.983545846,10,sd,1.10173446176746,,2011-06-12 18:15:18 UTC,2011-06-12 18:15:18 UTC,11,6,false,1
37629,602,297,381,,1220,2010-06-01,6.0,,,47.0542795845455,11,sd,1.29373179668589,,2011-06-12 18:15:18 UTC,2011-06-12 18:15:18 UTC,11,6,false,1
37630,602,311,381,,1220,2010-06-01,6.0,,,42.736601257,10,sd,2.02689707811942,,2011-06-12 18:15:18 UTC,2011-06-12 18:15:18 UTC,11,6,false,1
37631,602,390,381,,1220,2010-06-01,6.0,,,46.8351284116667,12,sd,7.32131130550258,,2011-06-12 18:15:18 UTC,2011-06-12 18:15:18 UTC,11,6,false,1
37632,602,393,381,,1220,2010-06-01,6.0,,,45.023204575,10,sd,3.67169384355235,,2011-06-12 18:15:18 UTC,2011-06-12 18:15:18 UTC,11,6,false,1
37633,602,396,381,,1220,2010-06-01,6.0,,,46.190240533,10,sd,3.25215380558483,,2011-06-12 18:15:18 UTC,2011-06-12 18:15:18 UTC,11,6,false,1
37634,602,787,381,,1220,2010-06-01,6.0,,,46.630182176,5,sd,1.19396397841405,,2011-06-12 18:15:18 UTC,2011-06-12 18:15:18 UTC,11,6,false,1
37635,602,788,381,,1220,2010-06-01,6.0,,,46.89852441,10,sd,4.49841308013589,,2011-06-12 18:15:18 UTC,2011-06-12 18:15:18 UTC,11,6,false,1
37636,602,814,381,,1220,2010-06-01,6.0,,,44.3761027777778,9,sd,1.59703013875345,,2011-06-12 18:15:18 UTC,2011-06-12 18:15:18 UTC,11,6,false,1
37637,602,1037,381,,1220,2010-06-01,6.0,,,47.433947115,10,sd,1.42102783303979,,2011-06-12 18:15:18 UTC,2011-06-12 18:15:18 UTC,11,6,false,1
37638,602,1072,381,,1220,2010-06-01,6.0,,,43.3040151511111,9,sd,4.39458920194886,,2011-06-12 18:15:18 UTC,2011-06-12 18:15:18 UTC,11,6,false,1
37639,602,1215,381,,1220,2010-06-01,6.0,,,46.657594007,10,sd,1.13395479452799,,2011-06-12 18:15:18 UTC,2011-06-12 18:15:18 UTC,11,6,false,1
37640,602,9303,381,,1220,2010-06-01,6.0,,,47.698831605,4,sd,0.51408692984629,,2011-06-12 18:15:18 UTC,2011-06-12 18:15:18 UTC,11,6,false,1
37641,602,19104,381,,1220,2010-06-01,6.0,,,48.7785195763636,11,sd,2.21819511388435,,2011-06-12 18:15:18 UTC,2011-06-12 18:15:18 UTC,11,6,false,1
37642,602,21460,381,,1220,2010-06-01,6.0,,,48.1264878142857,7,sd,2.12191914847912,,2011-06-12 18:15:18 UTC,2011-06-12 18:15:18 UTC,11,6,false,1
37643,602,31914,381,,1220,2010-06-01,6.0,,,47.278765145,2,sd,1.94744860555468,,2011-06-12 18:15:18 UTC,2011-06-12 18:15:18 UTC,11,6,false,1
37644,602,46334,381,,1220,2010-06-01,6.0,,,47.42671506625,8,sd,1.50536563152713,,2011-06-12 18:15:18 UTC,2011-06-12 18:15:18 UTC,11,6,false,1
37645,602,51120,381,,1220,2010-06-01,6.0,,,45.9552395390909,11,sd,2.05033740937237,,2011-06-12 18:15:18 UTC,2011-06-12 18:15:18 UTC,11,6,false,1
37646,602,30,381,,1220,2010-08-01,6.0,,,49.4162002326316,7,sd,7.0085452770089,,2011-06-12 18:15:18 UTC,2011-06-12 18:15:18 UTC,11,6,false,1
37647,602,31,381,,1220,2010-08-01,6.0,,,47.229250684,8,sd,4.30180817877901,,2011-06-12 18:15:18 UTC,2011-06-12 18:15:18 UTC,11,6,false,1
37648,602,189,381,,1220,2010-08-01,6.0,,,48.3225348633333,4,sd,4.47077901307,,2011-06-12 18:15:18 UTC,2011-06-12 18:15:18 UTC,11,6,false,1
37649,602,287,381,,1220,2010-08-01,6.0,,,47.8174495658333,10,sd,1.46134821622447,,2011-06-12 18:15:18 UTC,2011-06-12 18:15:18 UTC,11,6,false,1
37650,602,297,381,,1220,2010-08-01,6.0,,,44.4361854142857,11,sd,2.07413799879735,,2011-06-12 18:15:18 UTC,2011-06-12 18:15:18 UTC,11,6,false,1
37651,602,311,381,,1220,2010-08-01,6.0,,,45.515166066875,10,sd,0.72195594457403,,2011-06-12 18:15:18 UTC,2011-06-12 18:15:18 UTC,11,6,false,1
37652,602,390,381,,1220,2010-08-01,6.0,,,46.93342932625,12,sd,5.32559382905587,,2011-06-12 18:15:18 UTC,2011-06-12 18:15:18 UTC,11,6,false,1
37653,602,393,381,,1220,2010-08-01,6.0,,,47.2958451178571,10,sd,2.56140434511216,,2011-06-12 18:15:18 UTC,2011-06-12 18:15:18 UTC,11,6,false,1
37654,602,396,381,,1220,2010-08-01,6.0,,,47.4475291776471,10,sd,1.32203246433232,,2011-06-12 18:15:18 UTC,2011-06-12 18:15:18 UTC,11,6,false,1
37655,602,787,381,,1220,2010-08-01,6.0,,,47.842426508,5,sd,6.8860400793867,,2011-06-12 18:15:18 UTC,2011-06-12 18:15:18 UTC,11,6,false,1
37656,602,788,381,,1220,2010-08-01,6.0,,,44.657400938,10,sd,1.78569471132434,,2011-06-12 18:15:18 UTC,2011-06-12 18:15:18 UTC,11,6,false,1
37657,602,814,381,,1220,2010-08-01,6.0,,,46.731787995,9,sd,3.62815552710769,,2011-06-12 18:15:18 UTC,2011-06-12 18:15:18 UTC,11,6,false,1
37658,602,1037,381,,1220,2010-08-01,6.0,,,49.2816225207692,10,sd,2.93679222037277,,2011-06-12 18:15:18 UTC,2011-06-12 18:15:18 UTC,11,6,false,1
37659,602,1072,381,,1220,2010-08-01,6.0,,,47.3780710842857,9,sd,1.20093152932091,,2011-06-12 18:15:18 UTC,2011-06-12 18:15:18 UTC,11,6,false,1
37660,602,1215,381,,1220,2010-08-01,6.0,,,48.823746775,10,sd,4.08430604567372,,2011-06-12 18:15:18 UTC,2011-06-12 18:15:18 UTC,11,6,false,1
37661,602,9303,381,,1220,2010-08-01,6.0,,,45.921988974,4,sd,8.36886957764489,,2011-06-12 18:15:18 UTC,2011-06-12 18:15:18 UTC,11,6,false,1
37662,602,19104,381,,1220,2010-08-01,6.0,,,50.1978002325,11,sd,2.29187491609456,,2011-06-12 18:15:18 UTC,2011-06-12 18:15:18 UTC,11,6,false,1
37663,602,21460,381,,1220,2010-08-01,6.0,,,52.51515763,7,sd,2.46551477992412,,2011-06-12 18:15:18 UTC,2011-06-12 18:15:18 UTC,11,6,false,1
37664,602,31914,381,,1220,2010-08-01,6.0,,,48.0189404714286,2,sd,4.14985841734244,,2011-06-12 18:15:18 UTC,2011-06-12 18:15:18 UTC,11,6,false,1
37665,602,46334,381,,1220,2010-08-01,6.0,,,49.4162002326316,8,sd,7.0085452770089,,2011-06-12 18:15:18 UTC,2011-06-12 18:15:18 UTC,11,6,false,1
37666,602,51120,381,,1220,2010-08-01,6.0,,,47.229250684,11,sd,4.30180817877901,,2011-06-12 18:15:18 UTC,2011-06-12 18:15:18 UTC,11,6,false,1
37667,602,30,381,,1220,2010-09-01,6.0,,,48.1821295275,7,sd,0.91022268281401,,2011-06-12 18:15:18 UTC,2011-06-12 18:15:18 UTC,11,6,false,1
37668,602,31,381,,1220,2010-09-01,6.0,,,48.110430186,8,sd,0.78122923667094,,2011-06-12 18:15:18 UTC,2011-06-12 18:15:18 UTC,11,6,false,1
37669,602,189,381,,1220,2010-09-01,6.0,,,47.4448645175,4,sd,0.74659679506983,,2011-06-12 18:15:18 UTC,2011-06-12 18:15:18 UTC,11,6,false,1
37670,602,287,381,,1220,2010-09-01,6.0,,,48.0954911633333,10,sd,0.7877312630596,,2011-06-12 18:15:18 UTC,2011-06-12 18:15:18 UTC,11,6,false,1
37671,602,297,381,,1220,2010-09-01,6.0,,,43.363852815,11,sd,0.67719295998041,,2011-06-12 18:15:18 UTC,2011-06-12 18:15:18 UTC,11,6,false,1
37672,602,311,381,,1220,2010-09-01,6.0,,,44.52219622,10,sd,1.10156658623055,,2011-06-12 18:15:18 UTC,2011-06-12 18:15:18 UTC,11,6,false,1
37673,602,390,381,,1220,2010-09-01,6.0,,,47.2393469325,12,sd,0.80190020851317,,2011-06-12 18:15:18 UTC,2011-06-12 18:15:18 UTC,11,6,false,1
37674,602,393,381,,1220,2010-09-01,6.0,,,47.9981885975,10,sd,0.94404072009663,,2011-06-12 18:15:18 UTC,2011-06-12 18:15:18 UTC,11,6,false,1
37675,602,396,381,,1220,2010-09-01,6.0,,,46.4620225266667,10,sd,1.47100589153861,,2011-06-12 18:15:18 UTC,2011-06-12 18:15:18 UTC,11,6,false,1
37676,602,787,381,,1220,2010-09-01,6.0,,,49.0577404225,5,sd,0.79282802389589,,2011-06-12 18:15:18 UTC,2011-06-12 18:15:18 UTC,11,6,false,1
37677,602,788,381,,1220,2010-09-01,6.0,,,45.0128405225,10,sd,1.06035756588179,,2011-06-12 18:15:18 UTC,2011-06-12 18:15:18 UTC,11,6,false,1
37678,602,814,381,,1220,2010-09-01,6.0,,,48.554598275,9,sd,0.85235479631796,,2011-06-12 18:15:18 UTC,2011-06-12 18:15:18 UTC,11,6,false,1
37679,602,1037,381,,1220,2010-09-01,6.0,,,46.6729654375,10,sd,0.57758394250198,,2011-06-12 18:15:18 UTC,2011-06-12 18:15:18 UTC,11,6,false,1
37680,602,1072,381,,1220,2010-09-01,6.0,,,48.5188688675,9,sd,1.46609758073945,,2011-06-12 18:15:18 UTC,2011-06-12 18:15:18 UTC,11,6,false,1
37681,602,1215,381,,1220,2010-09-01,6.0,,,47.8301161975,10,sd,0.38198950908188,,2011-06-12 18:15:18 UTC,2011-06-12 18:15:18 UTC,11,6,false,1
37682,602,9303,381,,1220,2010-09-01,6.0,,,47.94206186,4,sd,3.23332893003257,,2011-06-12 18:15:18 UTC,2011-06-12 18:15:18 UTC,11,6,false,1
37683,602,19104,381,,1220,2010-09-01,6.0,,,49.33469789,11,sd,1.22334223654138,,2011-06-12 18:15:18 UTC,2011-06-12 18:15:18 UTC,11,6,false,1
37684,602,21460,381,,1220,2010-09-01,6.0,,,49.352884634,7,sd,0.6604469268469,,2011-06-12 18:15:19 UTC,2011-06-12 18:15:19 UTC,11,6,false,1
37685,602,31914,381,,1220,2010-09-01,6.0,,,48.1821295275,2,sd,0.91022268281401,,2011-06-12 18:15:19 UTC,2011-06-12 18:15:19 UTC,11,6,false,1
37686,602,46334,381,,1220,2010-09-01,6.0,,,48.110430186,8,sd,0.78122923667094,,2011-06-12 18:15:19 UTC,2011-06-12 18:15:19 UTC,11,6,false,1
37687,602,51120,381,,1220,2010-09-01,6.0,,,47.4448645175,11,sd,0.74659679506983,,2011-06-12 18:15:19 UTC,2011-06-12 18:15:19 UTC,11,6,false,1
37688,602,30,381,,1220,2010-06-01,6.0,,,2.11083526485714,7,sd,0.33178389775529,,2011-06-12 18:15:19 UTC,2011-06-12 18:15:19 UTC,10,6,false,1
37689,602,31,381,,1220,2010-06-01,6.0,,,2.70496083275,8,sd,0.7805533650806,,2011-06-12 18:15:19 UTC,2011-06-12 18:15:19 UTC,10,6,false,1
37690,602,189,381,,1220,2010-06-01,6.0,,,2.26723195475,4,sd,0.16780440787929,,2011-06-12 18:15:19 UTC,2011-06-12 18:15:19 UTC,10,6,false,1
37691,602,287,381,,1220,2010-06-01,6.0,,,2.0573268496,10,sd,0.66974925105102,,2011-06-12 18:15:19 UTC,2011-06-12 18:15:19 UTC,10,6,false,1
37692,602,297,381,,1220,2010-06-01,6.0,,,2.47720602454545,11,sd,0.57462890959959,,2011-06-12 18:15:19 UTC,2011-06-12 18:15:19 UTC,10,6,false,1
37693,602,311,381,,1220,2010-06-01,6.0,,,2.7600188799,10,sd,0.71070796548468,,2011-06-12 18:15:19 UTC,2011-06-12 18:15:19 UTC,10,6,false,1
37694,602,390,381,,1220,2010-06-01,6.0,,,2.25495984,12,sd,0.6940500824292,,2011-06-12 18:15:19 UTC,2011-06-12 18:15:19 UTC,10,6,false,1
37695,602,393,381,,1220,2010-06-01,6.0,,,2.3232586255,10,sd,0.90759610193868,,2011-06-12 18:15:19 UTC,2011-06-12 18:15:19 UTC,10,6,false,1
37696,602,396,381,,1220,2010-06-01,6.0,,,1.774901146,10,sd,0.47442725914084,,2011-06-12 18:15:19 UTC,2011-06-12 18:15:19 UTC,10,6,false,1
37697,602,787,381,,1220,2010-06-01,6.0,,,2.1682702984,5,sd,0.67031835188402,,2011-06-12 18:15:19 UTC,2011-06-12 18:15:19 UTC,10,6,false,1
37698,602,788,381,,1220,2010-06-01,6.0,,,2.4807407345,10,sd,0.51487360984288,,2011-06-12 18:15:19 UTC,2011-06-12 18:15:19 UTC,10,6,false,1
37699,602,814,381,,1220,2010-06-01,6.0,,,2.51592318633333,9,sd,1.02950793960322,,2011-06-12 18:15:19 UTC,2011-06-12 18:15:19 UTC,10,6,false,1
37700,602,1037,381,,1220,2010-06-01,6.0,,,2.3046314813,10,sd,0.44041239445168,,2011-06-12 18:15:19 UTC,2011-06-12 18:15:19 UTC,10,6,false,1
37701,602,1072,381,,1220,2010-06-01,6.0,,,2.08615321611111,9,sd,0.37836564446684,,2011-06-12 18:15:19 UTC,2011-06-12 18:15:19 UTC,10,6,false,1
37702,602,1215,381,,1220,2010-06-01,6.0,,,2.9806854253,10,sd,0.82628289162312,,2011-06-12 18:15:19 UTC,2011-06-12 18:15:19 UTC,10,6,false,1
37703,602,9303,381,,1220,2010-06-01,6.0,,,2.21340172475,4,sd,0.53238457693341,,2011-06-12 18:15:19 UTC,2011-06-12 18:15:19 UTC,10,6,false,1
37704,602,19104,381,,1220,2010-06-01,6.0,,,2.16977326927273,11,sd,0.64191367557568,,2011-06-12 18:15:19 UTC,2011-06-12 18:15:19 UTC,10,6,false,1
37705,602,21460,381,,1220,2010-06-01,6.0,,,2.80083127842857,7,sd,1.08125872902743,,2011-06-12 18:15:19 UTC,2011-06-12 18:15:19 UTC,10,6,false,1
37706,602,31914,381,,1220,2010-06-01,6.0,,,1.8072905655,2,sd,0.11824071374298,,2011-06-12 18:15:19 UTC,2011-06-12 18:15:19 UTC,10,6,false,1
37707,602,46334,381,,1220,2010-06-01,6.0,,,2.388099194875,8,sd,0.52855016135912,,2011-06-12 18:15:19 UTC,2011-06-12 18:15:19 UTC,10,6,false,1
37708,602,51120,381,,1220,2010-06-01,6.0,,,2.13247893627273,11,sd,0.37154628397977,,2011-06-12 18:15:19 UTC,2011-06-12 18:15:19 UTC,10,6,false,1
37709,602,30,381,,1220,2010-08-01,6.0,,,2.646003178,7,sd,1.03275226961136,,2011-06-12 18:15:19 UTC,2011-06-12 18:15:19 UTC,10,6,false,1
37710,602,31,381,,1220,2010-08-01,6.0,,,2.38208995565,8,sd,0.64425209475261,,2011-06-12 18:15:19 UTC,2011-06-12 18:15:19 UTC,10,6,false,1
37711,602,189,381,,1220,2010-08-01,6.0,,,2.32877847146667,4,sd,0.62094957060583,,2011-06-12 18:15:19 UTC,2011-06-12 18:15:19 UTC,10,6,false,1
37712,602,287,381,,1220,2010-08-01,6.0,,,2.91255318283333,10,sd,0.58905944501696,,2011-06-12 18:15:19 UTC,2011-06-12 18:15:19 UTC,10,6,false,1
37713,602,297,381,,1220,2010-08-01,6.0,,,3.30006471235714,11,sd,0.88483641357113,,2011-06-12 18:15:19 UTC,2011-06-12 18:15:19 UTC,10,6,false,1
37714,602,311,381,,1220,2010-08-01,6.0,,,2.523361408125,10,sd,0.42456116727326,,2011-06-12 18:15:19 UTC,2011-06-12 18:15:19 UTC,10,6,false,1
37715,602,390,381,,1220,2010-08-01,6.0,,,2.286532951,12,sd,0.5648356909505,,2011-06-12 18:15:19 UTC,2011-06-12 18:15:19 UTC,10,6,false,1
37716,602,393,381,,1220,2010-08-01,6.0,,,2.24690503478571,10,sd,0.34276785516557,,2011-06-12 18:15:19 UTC,2011-06-12 18:15:19 UTC,10,6,false,1
37717,602,396,381,,1220,2010-08-01,6.0,,,2.33823832705882,10,sd,0.40990060098475,,2011-06-12 18:15:19 UTC,2011-06-12 18:15:19 UTC,10,6,false,1
37718,602,787,381,,1220,2010-08-01,6.0,,,2.81415420826667,5,sd,0.39560386027284,,2011-06-12 18:15:19 UTC,2011-06-12 18:15:19 UTC,10,6,false,1
37719,602,788,381,,1220,2010-08-01,6.0,,,3.25941784173333,10,sd,0.83005787794951,,2011-06-12 18:15:19 UTC,2011-06-12 18:15:19 UTC,10,6,false,1
37720,602,814,381,,1220,2010-08-01,6.0,,,2.32285460525,9,sd,0.37061769497901,,2011-06-12 18:15:19 UTC,2011-06-12 18:15:19 UTC,10,6,false,1
37721,602,1037,381,,1220,2010-08-01,6.0,,,3.17829080838462,10,sd,0.96837619866476,,2011-06-12 18:15:19 UTC,2011-06-12 18:15:19 UTC,10,6,false,1
37722,602,1072,381,,1220,2010-08-01,6.0,,,3.09325040235714,9,sd,0.94311879646717,,2011-06-12 18:15:19 UTC,2011-06-12 18:15:19 UTC,10,6,false,1
37723,602,1215,381,,1220,2010-08-01,6.0,,,2.3140671135,10,sd,0.5734984826665,,2011-06-12 18:15:19 UTC,2011-06-12 18:15:19 UTC,10,6,false,1
37724,602,9303,381,,1220,2010-08-01,6.0,,,2.2158768924,4,sd,0.48562522436634,,2011-06-12 18:15:19 UTC,2011-06-12 18:15:19 UTC,10,6,false,1
37725,602,19104,381,,1220,2010-08-01,6.0,,,2.5889058190625,11,sd,0.53012583625709,,2011-06-12 18:15:19 UTC,2011-06-12 18:15:19 UTC,10,6,false,1
37726,602,21460,381,,1220,2010-08-01,6.0,,,2.543413964,7,sd,0.14350848231114,,2011-06-12 18:15:19 UTC,2011-06-12 18:15:19 UTC,10,6,false,1
37727,602,31914,381,,1220,2010-08-01,6.0,,,3.1961422555,2,sd,0.67504777346933,,2011-06-12 18:15:19 UTC,2011-06-12 18:15:19 UTC,10,6,false,1
37728,602,46334,381,,1220,2010-08-01,6.0,,,2.646003178,8,sd,1.03275226961136,,2011-06-12 18:15:19 UTC,2011-06-12 18:15:19 UTC,10,6,false,1
37729,602,51120,381,,1220,2010-08-01,6.0,,,2.38208995565,11,sd,0.64425209475261,,2011-06-12 18:15:19 UTC,2011-06-12 18:15:19 UTC,10,6,false,1
37730,602,30,381,,1220,2010-09-01,6.0,,,2.35187753825,7,sd,0.24821280972416,,2011-06-12 18:15:19 UTC,2011-06-12 18:15:19 UTC,10,6,false,1
37731,602,31,381,,1220,2010-09-01,6.0,,,2.7211325648,8,sd,0.31964315054219,,2011-06-12 18:15:19 UTC,2011-06-12 18:15:19 UTC,10,6,false,1
37732,602,189,381,,1220,2010-09-01,6.0,,,2.3315442055,4,sd,0.2114853314897,,2011-06-12 18:15:19 UTC,2011-06-12 18:15:19 UTC,10,6,false,1
37733,602,287,381,,1220,2010-09-01,6.0,,,2.72287719766667,10,sd,0.11958471238887,,2011-06-12 18:15:19 UTC,2011-06-12 18:15:19 UTC,10,6,false,1
37734,602,297,381,,1220,2010-09-01,6.0,,,3.414278587,11,sd,0.05168404509278,,2011-06-12 18:15:19 UTC,2011-06-12 18:15:19 UTC,10,6,false,1
37735,602,311,381,,1220,2010-09-01,6.0,,,2.46822526175,10,sd,0.11145610594192,,2011-06-12 18:15:19 UTC,2011-06-12 18:15:19 UTC,10,6,false,1
37736,602,390,381,,1220,2010-09-01,6.0,,,2.1312413965,12,sd,0.15581747214828,,2011-06-12 18:15:19 UTC,2011-06-12 18:15:19 UTC,10,6,false,1
37737,602,393,381,,1220,2010-09-01,6.0,,,2.25711954875,10,sd,0.55463535874305,,2011-06-12 18:15:19 UTC,2011-06-12 18:15:19 UTC,10,6,false,1
37738,602,396,381,,1220,2010-09-01,6.0,,,2.386512657,10,sd,0.41992900867204,,2011-06-12 18:15:19 UTC,2011-06-12 18:15:19 UTC,10,6,false,1
37739,602,787,381,,1220,2010-09-01,6.0,,,2.98512946975,5,sd,0.22408082860686,,2011-06-12 18:15:19 UTC,2011-06-12 18:15:19 UTC,10,6,false,1
37740,602,788,381,,1220,2010-09-01,6.0,,,3.8295295025,10,sd,0.33581720950976,,2011-06-12 18:15:19 UTC,2011-06-12 18:15:19 UTC,10,6,false,1
37741,602,814,381,,1220,2010-09-01,6.0,,,2.39635024275,9,sd,0.21045636276954,,2011-06-12 18:15:19 UTC,2011-06-12 18:15:19 UTC,10,6,false,1
37742,602,1037,381,,1220,2010-09-01,6.0,,,2.95713369075,10,sd,0.15529400058159,,2011-06-12 18:15:19 UTC,2011-06-12 18:15:19 UTC,10,6,false,1
37743,602,1072,381,,1220,2010-09-01,6.0,,,3.71738483,9,sd,0.30124019866435,,2011-06-12 18:15:19 UTC,2011-06-12 18:15:19 UTC,10,6,false,1
37744,602,1215,381,,1220,2010-09-01,6.0,,,2.16779718275,10,sd,0.25584641561206,,2011-06-12 18:15:19 UTC,2011-06-12 18:15:19 UTC,10,6,false,1
37745,602,9303,381,,1220,2010-09-01,6.0,,,2.10101193975,4,sd,0.22473005487865,,2011-06-12 18:15:19 UTC,2011-06-12 18:15:19 UTC,10,6,false,1
37746,602,19104,381,,1220,2010-09-01,6.0,,,2.720192694,11,sd,0.09053434620221,,2011-06-12 18:15:19 UTC,2011-06-12 18:15:19 UTC,10,6,false,1
37747,602,21460,381,,1220,2010-09-01,6.0,,,3.2400937626,7,sd,0.62326680158479,,2011-06-12 18:15:19 UTC,2011-06-12 18:15:19 UTC,10,6,false,1
37748,602,31914,381,,1220,2010-09-01,6.0,,,2.35187753825,2,sd,0.24821280972416,,2011-06-12 18:15:19 UTC,2011-06-12 18:15:19 UTC,10,6,false,1
37749,602,46334,381,,1220,2010-09-01,6.0,,,2.7211325648,8,sd,0.31964315054219,,2011-06-12 18:15:19 UTC,2011-06-12 18:15:19 UTC,10,6,false,1
37750,602,51120,381,,1220,2010-09-01,6.0,,,2.3315442055,11,sd,0.2114853314897,,2011-06-12 18:15:19 UTC,2011-06-12 18:15:19 UTC,10,6,false,1
37751,602,30,381,,1220,2010-06-01,6.0,,,23.1009234842857,7,sd,3.66456020247691,,2011-06-12 18:15:19 UTC,2011-06-12 18:15:19 UTC,31,6,false,1
37752,602,31,381,,1220,2010-06-01,6.0,,,18.4480658775,8,sd,5.90117671747424,,2011-06-12 18:15:19 UTC,2011-06-12 18:15:19 UTC,31,6,false,1
37753,602,189,381,,1220,2010-06-01,6.0,,,21.7388990975,4,sd,2.05315364942458,,2011-06-12 18:15:19 UTC,2011-06-12 18:15:19 UTC,31,6,false,1
37754,602,287,381,,1220,2010-06-01,6.0,,,24.662850572,10,sd,8.08801859123771,,2011-06-12 18:15:19 UTC,2011-06-12 18:15:19 UTC,31,6,false,1
37755,602,297,381,,1220,2010-06-01,6.0,,,20.0053786636364,11,sd,4.8728076632788,,2011-06-12 18:15:19 UTC,2011-06-12 18:15:19 UTC,31,6,false,1
37756,602,311,381,,1220,2010-06-01,6.0,,,16.201784435,10,sd,3.41729104909551,,2011-06-12 18:15:19 UTC,2011-06-12 18:15:19 UTC,31,6,false,1
37757,602,390,381,,1220,2010-06-01,6.0,,,22.11989782,12,sd,5.41534370763083,,2011-06-12 18:15:19 UTC,2011-06-12 18:15:19 UTC,31,6,false,1
37758,602,393,381,,1220,2010-06-01,6.0,,,22.135239782,10,sd,8.55469731955187,,2011-06-12 18:15:19 UTC,2011-06-12 18:15:19 UTC,31,6,false,1
37759,602,396,381,,1220,2010-06-01,6.0,,,27.607806935,10,sd,6.73375056972907,,2011-06-12 18:15:19 UTC,2011-06-12 18:15:19 UTC,31,6,false,1
37760,602,787,381,,1220,2010-06-01,6.0,,,22.966363424,5,sd,5.98363885090511,,2011-06-12 18:15:19 UTC,2011-06-12 18:15:19 UTC,31,6,false,1
37761,602,788,381,,1220,2010-06-01,6.0,,,19.874753585,10,sd,5.35033615645472,,2011-06-12 18:15:19 UTC,2011-06-12 18:15:19 UTC,31,6,false,1
37762,602,814,381,,1220,2010-06-01,6.0,,,20.6491571144444,9,sd,9.25703510443205,,2011-06-12 18:15:19 UTC,2011-06-12 18:15:19 UTC,31,6,false,1
37763,602,1037,381,,1220,2010-06-01,6.0,,,21.215090559,10,sd,3.85529342947573,,2011-06-12 18:15:19 UTC,2011-06-12 18:15:19 UTC,31,6,false,1
37764,602,1072,381,,1220,2010-06-01,6.0,,,21.33377269,9,sd,4.51592344735863,,2011-06-12 18:15:19 UTC,2011-06-12 18:15:19 UTC,31,6,false,1
37765,602,1215,381,,1220,2010-06-01,6.0,,,16.800102934,10,sd,4.79864352425875,,2011-06-12 18:15:19 UTC,2011-06-12 18:15:19 UTC,31,6,false,1
37766,602,9303,381,,1220,2010-06-01,6.0,,,22.5033149925,4,sd,5.40003076738001,,2011-06-12 18:15:19 UTC,2011-06-12 18:15:19 UTC,31,6,false,1
37767,602,19104,381,,1220,2010-06-01,6.0,,,24.3410467381818,11,sd,7.20946023944993,,2011-06-12 18:15:19 UTC,2011-06-12 18:15:19 UTC,31,6,false,1
37768,602,21460,381,,1220,2010-06-01,6.0,,,19.4253101157143,7,sd,7.5469536780676,,2011-06-12 18:15:19 UTC,2011-06-12 18:15:19 UTC,31,6,false,1
37769,602,31914,381,,1220,2010-06-01,6.0,,,26.2514559,2,sd,2.7950345019794,,2011-06-12 18:15:19 UTC,2011-06-12 18:15:19 UTC,31,6,false,1
37770,602,46334,381,,1220,2010-06-01,6.0,,,20.66235276625,8,sd,4.39636855501578,,2011-06-12 18:15:19 UTC,2011-06-12 18:15:19 UTC,31,6,false,1
37771,602,51120,381,,1220,2010-06-01,6.0,,,22.0974377190909,11,sd,3.67608007310412,,2011-06-12 18:15:19 UTC,2011-06-12 18:15:19 UTC,31,6,false,1
37772,602,30,381,,1220,2010-08-01,6.0,,,20.8009999058421,7,sd,6.39420574025666,,2011-06-12 18:15:19 UTC,2011-06-12 18:15:19 UTC,31,6,false,1
37773,602,31,381,,1220,2010-08-01,6.0,,,21.3527073525,8,sd,6.82471890184777,,2011-06-12 18:15:19 UTC,2011-06-12 18:15:19 UTC,31,6,false,1
37774,602,189,381,,1220,2010-08-01,6.0,,,21.8681689786667,4,sd,4.99179622583077,,2011-06-12 18:15:19 UTC,2011-06-12 18:15:19 UTC,31,6,false,1
37775,602,287,381,,1220,2010-08-01,6.0,,,16.99301013,10,sd,3.19264621687624,,2011-06-12 18:15:19 UTC,2011-06-12 18:15:19 UTC,31,6,false,1
37776,602,297,381,,1220,2010-08-01,6.0,,,14.6860780853571,11,sd,5.28506470655975,,2011-06-12 18:15:19 UTC,2011-06-12 18:15:19 UTC,31,6,false,1
37777,602,311,381,,1220,2010-08-01,6.0,,,18.490166131875,10,sd,2.94150761078834,,2011-06-12 18:15:19 UTC,2011-06-12 18:15:19 UTC,31,6,false,1
37778,602,390,381,,1220,2010-08-01,6.0,,,21.35278662125,12,sd,4.16370695462763,,2011-06-12 18:15:19 UTC,2011-06-12 18:15:19 UTC,31,6,false,1
37779,602,393,381,,1220,2010-08-01,6.0,,,21.5306544107143,10,sd,3.53559351044908,,2011-06-12 18:15:19 UTC,2011-06-12 18:15:19 UTC,31,6,false,1
37780,602,396,381,,1220,2010-08-01,6.0,,,20.9472652029412,10,sd,4.05406102940511,,2011-06-12 18:15:19 UTC,2011-06-12 18:15:19 UTC,31,6,false,1
37781,602,787,381,,1220,2010-08-01,6.0,,,17.1699199153333,5,sd,2.59293241143525,,2011-06-12 18:15:19 UTC,2011-06-12 18:15:19 UTC,31,6,false,1
37782,602,788,381,,1220,2010-08-01,6.0,,,14.5958659204667,10,sd,3.89885747832337,,2011-06-12 18:15:19 UTC,2011-06-12 18:15:19 UTC,31,6,false,1
37783,602,814,381,,1220,2010-08-01,6.0,,,20.4464312516667,9,sd,2.5769881774764,,2011-06-12 18:15:19 UTC,2011-06-12 18:15:19 UTC,31,6,false,1
37784,602,1037,381,,1220,2010-08-01,6.0,,,16.7980743323077,10,sd,4.99316506499015,,2011-06-12 18:15:19 UTC,2011-06-12 18:15:19 UTC,31,6,false,1
37785,602,1072,381,,1220,2010-08-01,6.0,,,16.8928759414286,9,sd,5.70365333867572,,2011-06-12 18:15:19 UTC,2011-06-12 18:15:19 UTC,31,6,false,1
37786,602,1215,381,,1220,2010-08-01,6.0,,,22.2063067635714,10,sd,5.19037586904112,,2011-06-12 18:15:19 UTC,2011-06-12 18:15:19 UTC,31,6,false,1
37787,602,9303,381,,1220,2010-08-01,6.0,,,21.5233857662667,4,sd,5.97938249698496,,2011-06-12 18:15:19 UTC,2011-06-12 18:15:19 UTC,31,6,false,1
37788,602,19104,381,,1220,2010-08-01,6.0,,,20.14857801375,11,sd,4.19828945731631,,2011-06-12 18:15:19 UTC,2011-06-12 18:15:19 UTC,31,6,false,1
37789,602,21460,381,,1220,2010-08-01,6.0,,,20.70781762,7,sd,2.13778108231889,,2011-06-12 18:15:19 UTC,2011-06-12 18:15:19 UTC,31,6,false,1
37790,602,31914,381,,1220,2010-08-01,6.0,,,15.6289006342857,2,sd,3.5117578510435,,2011-06-12 18:15:19 UTC,2011-06-12 18:15:19 UTC,31,6,false,1
37791,602,46334,381,,1220,2010-08-01,6.0,,,20.8009999058421,8,sd,6.39420574025666,,2011-06-12 18:15:19 UTC,2011-06-12 18:15:19 UTC,31,6,false,1
37792,602,51120,381,,1220,2010-08-01,6.0,,,21.3527073525,11,sd,6.82471890184777,,2011-06-12 18:15:19 UTC,2011-06-12 18:15:19 UTC,31,6,false,1
37793,602,30,381,,1220,2010-09-01,6.0,,,20.6849251425,7,sd,2.51201553284648,,2011-06-12 18:15:19 UTC,2011-06-12 18:15:19 UTC,31,6,false,1
37794,602,31,381,,1220,2010-09-01,6.0,,,17.876965244,8,sd,2.12259895352785,,2011-06-12 18:15:19 UTC,2011-06-12 18:15:19 UTC,31,6,false,1
37795,602,189,381,,1220,2010-09-01,6.0,,,20.47527213,4,sd,1.8772464696283,,2011-06-12 18:15:19 UTC,2011-06-12 18:15:19 UTC,31,6,false,1
37796,602,287,381,,1220,2010-09-01,6.0,,,17.6800282733333,10,sd,0.60367855301767,,2011-06-12 18:15:19 UTC,2011-06-12 18:15:19 UTC,31,6,false,1
37797,602,297,381,,1220,2010-09-01,6.0,,,12.702541405,11,sd,0.25384192288283,,2011-06-12 18:15:19 UTC,2011-06-12 18:15:19 UTC,31,6,false,1
37798,602,311,381,,1220,2010-09-01,6.0,,,18.05571455,10,sd,0.62287223746995,,2011-06-12 18:15:19 UTC,2011-06-12 18:15:19 UTC,31,6,false,1
37799,602,390,381,,1220,2010-09-01,6.0,,,22.2571558625,12,sd,1.71884702102238,,2011-06-12 18:15:19 UTC,2011-06-12 18:15:19 UTC,31,6,false,1
37800,602,393,381,,1220,2010-09-01,6.0,,,22.25501058,10,sd,5.46552074850018,,2011-06-12 18:15:19 UTC,2011-06-12 18:15:19 UTC,31,6,false,1
37801,602,396,381,,1220,2010-09-01,6.0,,,19.7980656,10,sd,2.84101932735549,,2011-06-12 18:15:19 UTC,2011-06-12 18:15:19 UTC,31,6,false,1
37802,602,787,381,,1220,2010-09-01,6.0,,,16.4950789675,5,sd,1.10513319093021,,2011-06-12 18:15:19 UTC,2011-06-12 18:15:19 UTC,31,6,false,1
37803,602,788,381,,1220,2010-09-01,6.0,,,11.84089225,10,sd,1.34305542092028,,2011-06-12 18:15:19 UTC,2011-06-12 18:15:19 UTC,31,6,false,1
37804,602,814,381,,1220,2010-09-01,6.0,,,20.3805505425,9,sd,1.85142450345289,,2011-06-12 18:15:19 UTC,2011-06-12 18:15:19 UTC,31,6,false,1
37805,602,1037,381,,1220,2010-09-01,6.0,,,15.8170849775,10,sd,0.87764665351088,,2011-06-12 18:15:19 UTC,2011-06-12 18:15:19 UTC,31,6,false,1
37806,602,1072,381,,1220,2010-09-01,6.0,,,13.09537798,9,sd,0.73435609081743,,2011-06-12 18:15:19 UTC,2011-06-12 18:15:19 UTC,31,6,false,1
37807,602,1215,381,,1220,2010-09-01,6.0,,,22.3020503825,10,sd,2.69039357454054,,2011-06-12 18:15:19 UTC,2011-06-12 18:15:19 UTC,31,6,false,1
37808,602,9303,381,,1220,2010-09-01,6.0,,,23.0675027025,4,sd,3.41719469326479,,2011-06-12 18:15:19 UTC,2011-06-12 18:15:19 UTC,31,6,false,1
37809,602,19104,381,,1220,2010-09-01,6.0,,,18.15011564,11,sd,0.75332401713048,,2011-06-12 18:15:19 UTC,2011-06-12 18:15:19 UTC,31,6,false,1
37810,602,21460,381,,1220,2010-09-01,6.0,,,15.688840556,7,sd,3.02735055955934,,2011-06-12 18:15:19 UTC,2011-06-12 18:15:19 UTC,31,6,false,1
37811,602,31914,381,,1220,2010-09-01,6.0,,,20.6849251425,2,sd,2.51201553284648,,2011-06-12 18:15:19 UTC,2011-06-12 18:15:19 UTC,31,6,false,1
37812,602,46334,381,,1220,2010-09-01,6.0,,,17.876965244,8,sd,2.12259895352785,,2011-06-12 18:15:19 UTC,2011-06-12 18:15:19 UTC,31,6,false,1
37813,602,51120,381,,1220,2010-09-01,6.0,,,20.47527213,11,sd,1.8772464696283,,2011-06-12 18:15:19 UTC,2011-06-12 18:15:19 UTC,31,6,false,1
